<?xml version="1.0" encoding="UTF-8"?>
<testsuite xmlns:xsi="http://www.w3.org/2001/XMLSchema-instance" xsi:noNamespaceSchemaLocation="https://maven.apache.org/surefire/maven-surefire-plugin/xsd/surefire-test-report-3.0.xsd" version="3.0" name="kaamkaj.TestDemo" time="0.042" tests="8" errors="0" skipped="0" failures="0">
  <properties>
[...]
</properties>
  <testcase name="testDivideByZero" classname="kaamkaj.TestDemo" time="0.002"/>
  <testcase name="testAdd" classname="kaamkaj.TestDemo" time="0"/>
  <testcase name="testSubtract" classname="kaamkaj.TestDemo" time="0"/>
  <testcase name="testPower" classname="kaamkaj.TestDemo" time="0"/>
  <testcase name="testDivide" classname="kaamkaj.TestDemo" time="0"/>
  <testcase name="testMultiply" classname="kaamkaj.TestDemo" time="0"/>
  <testcase name="testModulo" classname="kaamkaj.TestDemo" time="0.001"/>
  <testcase name="testModuloByZero" classname="kaamkaj.TestDemo" time="0"/>
</testsuite>